<?xml version="1.0" encoding="UTF-8"?>
<!-- Generated by org.testng.reporters.JUnitReportReporter -->
<testsuite hostname="RAGUL" failures="0" tests="1" name="demo_testcase.test1" time="0.499" errors="0" timestamp="2024-10-26T14:12:11 IST" skipped="0">
  <testcase classname="demo_testcase.test1" name="f" time="0.499"/>
</testsuite> <!-- demo_testcase.test1 -->
