<?xml version="1.0" encoding="UTF-8"?>
<!-- Generated by org.testng.reporters.JUnitReportReporter -->
<testsuite hostname="RAGUL" failures="0" tests="1" name="testcase.tc_1" time="14.590" errors="0" timestamp="2024-10-17T00:54:45 IST" skipped="0">
  <testcase classname="testcase.tc_1" name="test" time="14.590"/>
</testsuite> <!-- testcase.tc_1 -->
